<?xml version="1.0" encoding="UTF-8"?>
<!-- Generated by org.testng.reporters.JUnitReportReporter -->
<testsuite hostname="DESKTOP-NE5DNC7" failures="0" tests="4" name="TestRunner.RunnerTest" time="38.002" errors="0" timestamp="2023-08-03T14:52:04 IST" skipped="0">
  <testcase classname="TestRunner.RunnerTest" name="runScenario" time="8.008"/>
  <system-out/>
  <testcase classname="TestRunner.RunnerTest" name="runScenario" time="0.094"/>
  <system-out/>
  <testcase classname="TestRunner.RunnerTest" name="runScenario" time="18.657"/>
  <system-out/>
  <testcase classname="TestRunner.RunnerTest" name="runScenario" time="11.243"/>
  <system-out/>
</testsuite> <!-- TestRunner.RunnerTest -->
